Build started 2017-11-27 오후 11:21:45.
     1>Project "E:\_document\GitHub\opengl-es-2.0\11_glbase\proj.win\glbase.vcxproj" on node 2 (Build target(s)).
     1>InitializeBuildStatus:
         Creating "Debug\Intermediate\glbase.tlog\unsuccessfulbuild" because "AlwaysCreate" was specified.
       ClCompile:
         C:\Program Files (x86)\Microsoft Visual Studio 12.0\VC\bin\CL.exe /c /I..\_pvr_sdk\Include /I..\..\include /ZI /nologo /W3 /WX- /MP /Od /Oy- /D _CRT_SECURE_NO_WARNINGS /D _MBCS /Gm- /EHsc /RTC1 /MTd /GS /fp:precise /Zc:wchar_t /Zc:forScope /Fo"Debug\Intermediate\\" /Fd"Debug\Intermediate\vc120.pdb" /Gd /TP /analyze- /errorReport:prompt ..\classes\App.cpp
         App.cpp
       ResourceCompile:
         All outputs are up-to-date.
       Link:
         C:\Program Files (x86)\Microsoft Visual Studio 12.0\VC\bin\link.exe /ERRORREPORT:PROMPT /OUT:"E:\_document\GitHub\opengl-es-2.0\11_glbase\proj.win\Debug\glbase.exe" /INCREMENTAL /NOLOGO /LIBPATH:..\_pvr_sdk\Windows\x86_32\Lib /LIBPATH:..\..\lib libEGL.lib libGLESv2.lib kernel32.lib user32.lib gdi32.lib winspool.lib comdlg32.lib advapi32.lib shell32.lib ole32.lib oleaut32.lib uuid.lib odbc32.lib odbccp32.lib kernel32.lib user32.lib gdi32.lib winspool.lib comdlg32.lib advapi32.lib shell32.lib ole32.lib oleaut32.lib uuid.lib odbc32.lib odbccp32.lib /MANIFEST /MANIFESTUAC:"level='asInvoker' uiAccess='false'" /manifest:embed /DEBUG /PDB:"E:\_document\GitHub\opengl-es-2.0\11_glbase\proj.win\Debug\glbase.pdb" /SUBSYSTEM:CONSOLE /TLBID:1 /DYNAMICBASE /NXCOMPAT /IMPLIB:"E:\_document\GitHub\opengl-es-2.0\11_glbase\proj.win\Debug\glbase.lib" /MACHINE:X86 Debug\Intermediate\shared.res
         Debug\Intermediate\App.obj
         Debug\Intermediate\app_util.obj
         Debug\Intermediate\ogl_util.obj
         Debug\Intermediate\glbaseWin32.obj
         glbase.vcxproj -> E:\_document\GitHub\opengl-es-2.0\11_glbase\proj.win\Debug\glbase.exe
       FinalizeBuildStatus:
         Deleting file "Debug\Intermediate\glbase.tlog\unsuccessfulbuild".
         Touching "Debug\Intermediate\glbase.tlog\glbase.lastbuildstate".
     1>Done Building Project "E:\_document\GitHub\opengl-es-2.0\11_glbase\proj.win\glbase.vcxproj" (Build target(s)).

Build succeeded.

Time Elapsed 00:00:00.53
